log started: Thu Aug  8 14:24:53 2019

Log file: ./leap.log
>> #
>> # ----- leaprc for loading the general Amber Force field.
>> #       This file is mostly for use with Antechamber
>> #
>> #	load atom type hybridizations
>> #
>> addAtomTypes {
>> 	{ "h1"  "H" "sp3" }
>> 	{ "h2"  "H" "sp3" }
>> 	{ "h3"  "H" "sp3" }
>> 	{ "h4"  "H" "sp3" }
>> 	{ "h5"  "H" "sp3" }
>> 	{ "ha"  "H" "sp3" }
>> 	{ "hc"  "H" "sp3" }
>> 	{ "hn"  "H" "sp3" }
>> 	{ "ho"  "H" "sp3" }
>> 	{ "hp"  "H" "sp3" }
>> 	{ "hs"  "H" "sp3" }
>> 	{ "hw"  "H" "sp3" }
>> 	{ "hx"  "H" "sp3" }
>> 	{ "o"  "O" "sp2" }
>> 	{ "o2"  "O" "sp2" }
>> 	{ "oh"  "O" "sp3" }
>> 	{ "os"  "O" "sp3" }
>> 	{ "ow"  "O" "sp3" }
>> 	{ "c"  "C" "sp2" }
>> 	{ "c1"  "C" "sp2" }
>> 	{ "c2"  "C" "sp2" }
>> 	{ "c3"  "C" "sp3" }
>> 	{ "ca"  "C" "sp2" }
>> 	{ "cc"  "C" "sp2" }
>> 	{ "cd"  "C" "sp2" }
>> 	{ "ce"  "C" "sp2" }
>> 	{ "cf"  "C" "sp2" }
>> 	{ "cg"  "C" "sp2" }
>> 	{ "ch"  "C" "sp2" }
>> 	{ "cp"  "C" "sp2" }
>> 	{ "cq"  "C" "sp2" }
>> 	{ "cu"  "C" "sp2" }
>> 	{ "cv"  "C" "sp2" }
>> 	{ "cx"  "C" "sp2" }
>> 	{ "cy"  "C" "sp2" }
>> 	{ "cz"  "C" "sp2" }
>> 	{ "n"   "N" "sp2" }
>> 	{ "n1"  "N" "sp2" }
>> 	{ "n2"  "N" "sp2" }
>> 	{ "n3"  "N" "sp3" }
>> 	{ "n4"  "N" "sp3" }
>> 	{ "na"  "N" "sp2" }
>> 	{ "nb"  "N" "sp2" }
>> 	{ "nc"  "N" "sp2" }
>> 	{ "nd"  "N" "sp2" }
>> 	{ "ne"  "N" "sp2" }
>> 	{ "nf"  "N" "sp2" }
>> 	{ "nh"  "N" "sp2" }
>> 	{ "no"  "N" "sp2" }
>> 	{ "s"   "S" "sp2" }
>> 	{ "s2"   "S" "sp2" }
>> 	{ "s3"   "S" "sp3" }
>> 	{ "s4"   "S" "sp3" }
>> 	{ "s6"   "S" "sp3" }
>> 	{ "sh"   "S" "sp3" }
>> 	{ "ss"   "S" "sp3" }
>> 	{ "sx"   "S" "sp3" }
>> 	{ "sy"   "S" "sp3" }
>> 	{ "p2"   "P" "sp2" }
>> 	{ "p3"   "P" "sp3" }
>> 	{ "p4"   "P" "sp3" }
>> 	{ "p5"   "P" "sp3" }
>> 	{ "pb"   "P" "sp3" }
>> 	{ "pc"   "P" "sp3" }
>> 	{ "pd"   "P" "sp3" }
>> 	{ "pe"   "P" "sp3" }
>> 	{ "pf"   "P" "sp3" }
>> 	{ "px"   "P" "sp3" }
>> 	{ "py"   "P" "sp3" }
>> 	{ "f"   "F" "sp3" }
>> 	{ "cl"  "Cl" "sp3" }
>> 	{ "br"  "Br" "sp3" }
>> 	{ "i"   "I"  "sp3" }
>> }
>> #
>> #	Load the general force field parameter set.
>> #
>> gaff = loadamberparams gaff.dat
Loading parameters: /Applications/amber16/amber16/dat/leap/parm/gaff.dat
Reading title:
AMBER General Force Field for organic molecules (Version 1.8, Mar 2015)
> 
> loadAmberPrep PDI.prepi
Loading Prep file: ./PDI.prepi
Loaded UNIT: PDI
> loadamberparams PDI.frcmod
Loading parameters: ./PDI.frcmod
Reading force field modification type file (frcmod)
Reading title:
Remark line goes here
> PDI = loadpdb PDI.pdb
Loading PDB file: ./PDI.pdb
Enter zPdbReadScan from call depth  0.
Exit  zPdbReadScan from call depth  0.
Matching PDB residue names to LEaP variables.
(Residue 0: PDI, Terminal/last, was not found in name map.)
  total atoms in file: 40
> saveoff PDI PDI_iter0.lib
 Creating PDI_iter0.lib
Saving PDI.
Building topology.
Building atom parameters.
> setBox PDI vdw 10.0
Box dimensions:  34.980000 29.702000 23.816000
> saveamberparm PDI PDI.prmtop PDI.rst7
Checking Unit.
Building topology.
Building atom parameters.
Building bond parameters.
Building angle parameters.
Building proper torsion parameters.
Building improper torsion parameters.
old PREP-specified impropers:
 <PDI 1>:  C3   N1   C2   O2  
 <PDI 1>:  C2   C1   N1   H9  
 <PDI 1>:  C8   N1   C1   O1  
 <PDI 1>:  C1   C9   C8   C7  
 <PDI 1>:  C10  C8   C9   H2  
 <PDI 1>:  C9   C11  C10  H3  
 <PDI 1>:  C3   C6   C7   C8  
 <PDI 1>:  C2   C7   C3   C24 
 <PDI 1>:  C3   C4   C24  H8  
 <PDI 1>:  C24  C5   C4   H1  
 <PDI 1>:  C4   C6   C5   C16 
 <PDI 1>:  C7   C5   C6   C11 
 <PDI 1>:  C10  C6   C11  C12 
 <PDI 1>:  C11  C13  C12  C15 
 <PDI 1>:  C12  C14  C13  H5  
 <PDI 1>:  C13  C22  C14  H4  
 <PDI 1>:  C23  C14  C22  C21 
 <PDI 1>:  C22  C15  C21  C19 
 <PDI 1>:  C12  C21  C15  C16 
 <PDI 1>:  C5   C15  C16  C17 
 <PDI 1>:  C16  C18  C17  H6  
 <PDI 1>:  C17  C19  C18  H7  
 <PDI 1>:  C20  C21  C19  C18 
 <PDI 1>:  C19  N2   C20  O3  
 <PDI 1>:  C20  C23  N2   H10 
 <PDI 1>:  C22  N2   C23  O4  
 total 26 improper torsions applied
 26 improper torsions in old prep form
Building H-Bond parameters.
Incorporating Non-Bonded adjustments.
Not Marking per-residue atom chain types.
Marking per-residue atom chain types.
 (no restraints)
 quit
	Quit
