log started: Thu Aug  8 14:29:27 2019

Log file: ./leap.log
>> #
>> # ----- leaprc for loading the general Amber Force field.
>> #       This file is mostly for use with Antechamber
>> #
>> #	load atom type hybridizations
>> #
>> addAtomTypes {
>> 	{ "h1"  "H" "sp3" }
>> 	{ "h2"  "H" "sp3" }
>> 	{ "h3"  "H" "sp3" }
>> 	{ "h4"  "H" "sp3" }
>> 	{ "h5"  "H" "sp3" }
>> 	{ "ha"  "H" "sp3" }
>> 	{ "hc"  "H" "sp3" }
>> 	{ "hn"  "H" "sp3" }
>> 	{ "ho"  "H" "sp3" }
>> 	{ "hp"  "H" "sp3" }
>> 	{ "hs"  "H" "sp3" }
>> 	{ "hw"  "H" "sp3" }
>> 	{ "hx"  "H" "sp3" }
>> 	{ "o"  "O" "sp2" }
>> 	{ "o2"  "O" "sp2" }
>> 	{ "oh"  "O" "sp3" }
>> 	{ "os"  "O" "sp3" }
>> 	{ "ow"  "O" "sp3" }
>> 	{ "c"  "C" "sp2" }
>> 	{ "c1"  "C" "sp2" }
>> 	{ "c2"  "C" "sp2" }
>> 	{ "c3"  "C" "sp3" }
>> 	{ "ca"  "C" "sp2" }
>> 	{ "cc"  "C" "sp2" }
>> 	{ "cd"  "C" "sp2" }
>> 	{ "ce"  "C" "sp2" }
>> 	{ "cf"  "C" "sp2" }
>> 	{ "cg"  "C" "sp2" }
>> 	{ "ch"  "C" "sp2" }
>> 	{ "cp"  "C" "sp2" }
>> 	{ "cq"  "C" "sp2" }
>> 	{ "cu"  "C" "sp2" }
>> 	{ "cv"  "C" "sp2" }
>> 	{ "cx"  "C" "sp2" }
>> 	{ "cy"  "C" "sp2" }
>> 	{ "cz"  "C" "sp2" }
>> 	{ "n"   "N" "sp2" }
>> 	{ "n1"  "N" "sp2" }
>> 	{ "n2"  "N" "sp2" }
>> 	{ "n3"  "N" "sp3" }
>> 	{ "n4"  "N" "sp3" }
>> 	{ "na"  "N" "sp2" }
>> 	{ "nb"  "N" "sp2" }
>> 	{ "nc"  "N" "sp2" }
>> 	{ "nd"  "N" "sp2" }
>> 	{ "ne"  "N" "sp2" }
>> 	{ "nf"  "N" "sp2" }
>> 	{ "nh"  "N" "sp2" }
>> 	{ "no"  "N" "sp2" }
>> 	{ "s"   "S" "sp2" }
>> 	{ "s2"   "S" "sp2" }
>> 	{ "s3"   "S" "sp3" }
>> 	{ "s4"   "S" "sp3" }
>> 	{ "s6"   "S" "sp3" }
>> 	{ "sh"   "S" "sp3" }
>> 	{ "ss"   "S" "sp3" }
>> 	{ "sx"   "S" "sp3" }
>> 	{ "sy"   "S" "sp3" }
>> 	{ "p2"   "P" "sp2" }
>> 	{ "p3"   "P" "sp3" }
>> 	{ "p4"   "P" "sp3" }
>> 	{ "p5"   "P" "sp3" }
>> 	{ "pb"   "P" "sp3" }
>> 	{ "pc"   "P" "sp3" }
>> 	{ "pd"   "P" "sp3" }
>> 	{ "pe"   "P" "sp3" }
>> 	{ "pf"   "P" "sp3" }
>> 	{ "px"   "P" "sp3" }
>> 	{ "py"   "P" "sp3" }
>> 	{ "f"   "F" "sp3" }
>> 	{ "cl"  "Cl" "sp3" }
>> 	{ "br"  "Br" "sp3" }
>> 	{ "i"   "I"  "sp3" }
>> }
>> #
>> #	Load the general force field parameter set.
>> #
>> gaff = loadamberparams gaff.dat
Loading parameters: /Applications/amber16/amber16/dat/leap/parm/gaff.dat
Reading title:
AMBER General Force Field for organic molecules (Version 1.8, Mar 2015)
> 
> source leaprc.protein.ff15ipq
----- Source: /Applications/amber16/amber16/dat/leap/cmd/leaprc.protein.ff15ipq
----- Source of /Applications/amber16/amber16/dat/leap/cmd/leaprc.protein.ff15ipq done
>> logFile leap.log
log started: Thu Aug  8 14:29:27 2019

Log file: ./leap.log
>> #
>> # ----- leaprc for loading the ff15ipq force field, developmental version
>> # ----- NOTE: this is designed for PDB format 3!
>> #       Version 10.3, solvated:
>> #         Charges fit with H sigma=1.3 and SPC/Eb, backbone charges held equal
>> #        
>> #         vdw (LJEDITs removed, H sigma=1.3, ARG side chain TH sigma=1.5)
>> #         torsions generation 6 (0 ff14ipq, ALAPROALA,
>> #                                1 dipeptides,
>> #                                2 XXXGLY & GLYXXX tripeptides,
>> #                                3 XXXPRO & PROXXX tripeptides)
>> #                                4 charged tripeptides)
>> #                                5 more charged tripeptides and termini
>> #                                6 angle peptides and more termini)
>> #         Parm cleaned up extensively
>> #         Torsion phases restored to 0 and 180 degrees
>> #         Backbone CNA, HNA, NAC, ACN, and ACO angles fit
>> #         Additional assorted updates to bonded parameters and types
>> #         The SPC/Eb water model was used to derive partial charges
>> #           for this force field
>> #
>> #	load atom type hybridizations
>> #
>> addAtomTypes {
>> 	{ "H"   "H"  "sp3" }
>> 	{ "HO"  "H"  "sp3" }
>> 	{ "HS"  "H"  "sp3" }
>> 	{ "H1"  "H"  "sp3" }
>> 	{ "H2"  "H"  "sp3" }
>> 	{ "H3"  "H"  "sp3" }
>> 	{ "H4"  "H"  "sp3" }
>> 	{ "H5"  "H"  "sp3" }
>> 	{ "HW"  "H"  "sp3" }
>> 	{ "HC"  "H"  "sp3" }
>> 	{ "HA"  "H"  "sp3" }
>> 	{ "HP"  "H"  "sp3" }
>> 	{ "HZ"  "H"  "sp3" }
>> 	{ "TH"  "H"  "sp3" }
>> 	{ "OH"  "O"  "sp3" }
>> 	{ "OS"  "O"  "sp3" }
>> 	{ "O"   "O"  "sp2" }
>> 	{ "OD"  "O"  "sp2" }
>> 	{ "O2"  "O"  "sp2" }
>> 	{ "O3"  "O"  "sp2" }
>> 	{ "OP"  "O"  "sp2" }
>> 	{ "OW"  "O"  "sp3" }
>> 	{ "OA"  "O"  "sp3" }
>> 	{ "CT"  "C"  "sp3" }
>> 	{ "CX"  "C"  "sp3" }
>> 	{ "TJ"  "C"  "sp3" }
>> 	{ "TG"  "C"  "sp3" }
>> 	{ "TM"  "C"  "sp3" }
>> 	{ "TP"  "C"  "sp3" }
>> 	{ "C8"  "C"  "sp3" }
>> 	{ "2C"  "C"  "sp3" }
>> 	{ "3C"  "C"  "sp3" }
>> 	{ "TA"  "C"  "sp3" }
>> 	{ "CH"  "C"  "sp3" }
>> 	{ "CS"  "C"  "sp2" }
>> 	{ "C"   "C"  "sp2" }
>> 	{ "CO"  "C"  "sp2" }
>> 	{ "C*"  "C"  "sp2" }
>> 	{ "CA"  "C"  "sp2" }
>> 	{ "CB"  "C"  "sp2" }
>> 	{ "CC"  "C"  "sp2" }
>> 	{ "CN"  "C"  "sp2" }
>> 	{ "CM"  "C"  "sp2" }
>> 	{ "CK"  "C"  "sp2" }
>> 	{ "CQ"  "C"  "sp2" }
>> 	{ "CD"  "C"  "sp2" }
>> 	{ "C5"  "C"  "sp2" }
>> 	{ "C4"  "C"  "sp2" }
>> 	{ "CP"  "C"  "sp2" }
>> 	{ "CI"  "C"  "sp3" }
>> 	{ "CJ"  "C"  "sp2" }
>> 	{ "CW"  "C"  "sp2" }
>> 	{ "CV"  "C"  "sp2" }
>> 	{ "CR"  "C"  "sp2" }
>> 	{ "CA"  "C"  "sp2" }
>> 	{ "CY"  "C"  "sp2" }
>> 	{ "C0"  "Ca" "sp3" }
>> 	{ "MG"  "Mg" "sp3" }
>> 	{ "N"   "N"  "sp2" }
>> 	{ "NA"  "N"  "sp2" }
>> 	{ "N2"  "N"  "sp2" }
>> 	{ "N*"  "N"  "sp2" }
>> 	{ "NP"  "N"  "sp2" }
>> 	{ "NQ"  "N"  "sp2" }
>> 	{ "NB"  "N"  "sp2" }
>> 	{ "NC"  "N"  "sp2" }
>> 	{ "TN"  "N"  "sp2" }
>> 	{ "NT"  "N"  "sp3" }
>> 	{ "NY"  "N"  "sp2" }
>> 	{ "N3"  "N"  "sp3" }
>> 	{ "NL"  "N"  "sp3" }
>> 	{ "ND"  "N"  "sp3" }
>> 	{ "S"   "S"  "sp3" }
>> 	{ "SH"  "S"  "sp3" }
>> 	{ "P"   "P"  "sp3" }
>> 	{ "LP"  ""   "sp3" }
>> 	{ "EP"  ""   "sp3" }
>> 	{ "F"   "F"  "sp3" }
>> 	{ "Cl"  "Cl" "sp3" }
>> 	{ "Br"  "Br" "sp3" }
>> 	{ "I"   "I"  "sp3" }
>> }
>> #
>> #	Load the main parameter set.
>> #
>> parm15ipq = loadamberparams parm15ipq_10.3.dat
Loading parameters: /Applications/amber16/amber16/dat/leap/parm/parm15ipq_10.3.dat
Reading title:
Parm15 developmental parameter set
(UNKNOWN ATOM TYPE: FE)
(UNKNOWN ATOM TYPE: Zn)
(UNKNOWN ATOM TYPE: EP)
>> #
>> #	Load main chain and terminating amino acid libraries, nucleic acids
>> #
>> loadOff amino15ipq_10.0.lib
Loading library: /Applications/amber16/amber16/dat/leap/lib/amino15ipq_10.0.lib
Loading: ALA
Loading: ARG
Loading: ASH
Loading: ASN
Loading: ASP
Loading: CYM
Loading: CYS
Loading: CYX
Loading: GLH
Loading: GLN
Loading: GLU
Loading: GLY
Loading: HID
Loading: HIE
Loading: HIP
Loading: ILE
Loading: LEU
Loading: LYN
Loading: LYS
Loading: MET
Loading: MTB
Loading: NLE
Loading: PHE
Loading: PRO
Loading: SER
Loading: THR
Loading: TRP
Loading: TYR
Loading: VAL
>> loadOff aminoct15ipq_10.0.lib
Loading library: /Applications/amber16/amber16/dat/leap/lib/aminoct15ipq_10.0.lib
Loading: CALA
Loading: CARG
Loading: CASH
Loading: CASN
Loading: CASP
Loading: CCYM
Loading: CCYS
Loading: CCYX
Loading: CGLH
Loading: CGLN
Loading: CGLU
Loading: CGLY
Loading: CHID
Loading: CHIE
Loading: CHIP
Loading: CILE
Loading: CLEU
Loading: CLYN
Loading: CLYS
Loading: CMET
Loading: CNLE
Loading: CPHE
Loading: CPRO
Loading: CSER
Loading: CTHR
Loading: CTRP
Loading: CTYR
Loading: CVAL
Loading: NHE
Loading: NME
>> loadOff aminont15ipq_10.0.lib
Loading library: /Applications/amber16/amber16/dat/leap/lib/aminont15ipq_10.0.lib
Loading: ACE
Loading: NALA
Loading: NARG
Loading: NASH
Loading: NASN
Loading: NASP
Loading: NCYM
Loading: NCYS
Loading: NCYX
Loading: NGLH
Loading: NGLN
Loading: NGLU
Loading: NGLY
Loading: NHID
Loading: NHIE
Loading: NHIP
Loading: NILE
Loading: NLEU
Loading: NLYS
Loading: NMET
Loading: NNLE
Loading: NPHE
Loading: NPRO
Loading: NSER
Loading: NTHR
Loading: NTRP
Loading: NTYR
Loading: NVAL
>> 
>> #
>> #	Define the PDB name map for the amino acids 
>> #
>> addPdbResMap {
>>   { 0 "ALA" "NALA" } { 1 "ALA" "CALA" }
>>   { 0 "ARG" "NARG" } { 1 "ARG" "CARG" }
>>   { 0 "ASH" "NASH" } { 1 "ASH" "CASH" }
>>   { 0 "ASN" "NASN" } { 1 "ASN" "CASN" }
>>   { 0 "ASP" "NASP" } { 1 "ASP" "CASP" }
>>   { 0 "CYM" "NCYM" } { 1 "CYM" "CCYM" }
>>   { 0 "CYS" "NCYS" } { 1 "CYS" "CCYS" }
>>   { 0 "CYX" "NCYX" } { 1 "CYX" "CCYX" }
>>   { 0 "GLH" "NGLH" } { 1 "GLH" "CGLH" }
>>   { 0 "GLN" "NGLN" } { 1 "GLN" "CGLN" }
>>   { 0 "GLU" "NGLU" } { 1 "GLU" "CGLU" }
>>   { 0 "GLY" "NGLY" } { 1 "GLY" "CGLY" }
>>   { 0 "HID" "NHID" } { 1 "HID" "CHID" }
>>   { 0 "HIE" "NHIE" } { 1 "HIE" "CHIE" }
>>   { 0 "HIP" "NHIP" } { 1 "HIP" "CHIP" }
>>   { 0 "ILE" "NILE" } { 1 "ILE" "CILE" }
>>   { 0 "LEU" "NLEU" } { 1 "LEU" "CLEU" }
>>                      { 1 "LYN" "CLYN" }
>>   { 0 "LYS" "NLYS" } { 1 "LYS" "CLYS" }
>>   { 0 "MET" "NMET" } { 1 "MET" "CMET" }
>>   { 0 "NLE" "NNLE" } { 1 "NLE" "CNLE" }
>>   { 0 "PHE" "NPHE" } { 1 "PHE" "CPHE" }
>>   { 0 "PRO" "NPRO" } { 1 "PRO" "CPRO" }
>>   { 0 "SER" "NSER" } { 1 "SER" "CSER" }
>>   { 0 "THR" "NTHR" } { 1 "THR" "CTHR" }
>>   { 0 "TRP" "NTRP" } { 1 "TRP" "CTRP" }
>>   { 0 "TYR" "NTYR" } { 1 "TYR" "CTYR" }
>>   { 0 "VAL" "NVAL" } { 1 "VAL" "CVAL" }
>>   { 0 "HIS" "NHIS" } { 1 "HIS" "CHIS" }
>> 
>> }
>> 
>> #
>> # assume that most often proteins use HIE
>> #
>> NHIS = NHIE
>> HIS = HIE
>> CHIS = CHIE
> 
> source leaprc.water.tip3p
----- Source: /Applications/amber16/amber16/dat/leap/cmd/leaprc.water.tip3p
----- Source of /Applications/amber16/amber16/dat/leap/cmd/leaprc.water.tip3p done
>> #
>> #       Load water and ions for TIP3P + Joung-Chetham monovalent ions
>> #       + Li/Merz highly charged ions (+2 to +4, 12-6 normal usage set)
>> #
>> addAtomTypes {
>> 	{ "HW"  "H" "sp3" }
>> 	{ "OW"  "O" "sp3" }
>> 	{ "F-"   "F" "sp3" }
>> 	{ "Cl-"  "Cl" "sp3" }
>> 	{ "Br-"  "Br" "sp3" }
>> 	{ "I-"   "I"  "sp3" }
>> 	{ "Li+"  "Li"  "sp3" }
>> 	{ "Na+"  "Na"  "sp3" }
>> 	{ "K+"  "K"  "sp3" }
>> 	{ "Rb+"  "Rb"  "sp3" }
>> 	{ "Cs+"  "Cs"  "sp3" }
>> 	{ "Mg+"  "Mg"  "sp3" }
>>     { "Tl+"  "Tl"  "sp3" }
>>     { "Cu+"  "Cu"  "sp3" }
>>     { "Ag+"  "Ag"  "sp3" }
>>     { "Be2+" "Be"  "sp3" }
>>     { "Cu2+" "Cu"  "sp3" }
>>     { "Ni2+" "Ni"  "sp3" }
>>     { "Pt2+" "Pt"  "sp3" }
>>     { "Zn2+" "Zn"  "sp3" }
>>     { "Co2+" "Co"  "sp3" }
>>     { "Pd2+" "Pd"  "sp3" }
>>     { "Ag2+" "Ag"  "sp3" }
>>     { "Cr2+" "Cr"  "sp3" }
>>     { "Fe2+" "Fe"  "sp3" }
>>     { "Mg2+" "Mg"  "sp3" }
>>     { "V2+"  "V"   "sp3" }
>>     { "Mn2+" "Mn"  "sp3" }
>>     { "Hg2+" "Hg"  "sp3" }
>>     { "Cd2+" "Cd"  "sp3" }
>>     { "Yb2+" "Yb"  "sp3" }
>>     { "Ca2+" "Ca"  "sp3" }
>>     { "Sn2+" "Sn"  "sp3" }
>>     { "Pb2+" "Pb"  "sp3" }
>>     { "Eu2+" "Eu"  "sp3" }
>>     { "Sr2+" "Sr"  "sp3" }
>>     { "Sm2+" "Sm"  "sp3" }
>>     { "Ba2+" "Ba"  "sp3" }
>>     { "Ra2+" "Ra"  "sp3" }
>>     { "Al3+" "Al"  "sp3" }
>>     { "Fe3+" "Fe"  "sp3" }
>>     { "Cr3+" "Cr"  "sp3" }
>>     { "In3+" "In"  "sp3" }
>>     { "Tl3+" "Tl"  "sp3" }
>>     { "Y3+"  "Y"   "sp3" }
>>     { "La3+" "La"  "sp3" }
>>     { "Ce3+" "Ce"  "sp3" }
>>     { "Pr3+" "Pr"  "sp3" }
>>     { "Nd3+" "Nd"  "sp3" }
>>     { "Sm3+" "Sm"  "sp3" }
>>     { "Eu3+" "Eu"  "sp3" }
>>     { "Gd3+" "Gd"  "sp3" }
>>     { "Tb3+" "Tb"  "sp3" }
>>     { "Dy3+" "Dy"  "sp3" }
>>     { "Er3+" "Er"  "sp3" }
>>     { "Tm3+" "Tm"  "sp3" }
>>     { "Lu3+" "Lu"  "sp3" }
>>     { "Hf4+" "Hf"  "sp3" }
>>     { "Zr4+" "Zr"  "sp3" }
>>     { "Ce4+" "Ce"  "sp3" }
>>     { "U4+"  "U"   "sp3" }
>>     { "Pu4+" "Pu"  "sp3" }
>>     { "Th4+" "Th"  "sp3" }
>> }
>> loadOff atomic_ions.lib
Loading library: /Applications/amber16/amber16/dat/leap/lib/atomic_ions.lib
Loading: AG
Loading: AL
Loading: Ag
Loading: BA
Loading: BR
Loading: Be
Loading: CA
Loading: CD
Loading: CE
Loading: CL
Loading: CO
Loading: CR
Loading: CS
Loading: CU
Loading: CU1
Loading: Ce
Loading: Cl-
Loading: Cr
Loading: Dy
Loading: EU
Loading: EU3
Loading: Er
Loading: F
Loading: FE
Loading: FE2
Loading: GD3
Loading: H3O+
Loading: HE+
Loading: HG
Loading: HZ+
Loading: Hf
Loading: IN
Loading: IOD
Loading: K
Loading: K+
Loading: LA
Loading: LI
Loading: LU
Loading: MG
Loading: MN
Loading: NA
Loading: NH4
Loading: NI
Loading: Na+
Loading: Nd
Loading: PB
Loading: PD
Loading: PR
Loading: PT
Loading: Pu
Loading: RB
Loading: Ra
Loading: SM
Loading: SR
Loading: Sm
Loading: Sn
Loading: TB
Loading: TL
Loading: Th
Loading: Tl
Loading: Tm
Loading: U4+
Loading: V2+
Loading: Y
Loading: YB2
Loading: ZN
Loading: Zr
>> loadOff solvents.lib
Loading library: /Applications/amber16/amber16/dat/leap/lib/solvents.lib
Loading: CHCL3BOX
Loading: DC4
Loading: FB3
Loading: FB3BOX
Loading: FB4
Loading: FB4BOX
Loading: MEOHBOX
Loading: NMABOX
Loading: OP3
Loading: OPC
Loading: OPC3BOX
Loading: OPCBOX
Loading: PL3
Loading: POL3BOX
Loading: QSPCFWBOX
Loading: SPC
Loading: SPCBOX
Loading: SPCFWBOX
Loading: SPF
Loading: SPG
Loading: T4E
Loading: TIP3PBOX
Loading: TIP3PFBOX
Loading: TIP4PBOX
Loading: TIP4PEWBOX
Loading: TIP5PBOX
Loading: TP3
Loading: TP4
Loading: TP5
Loading: TPF
>> HOH = TP3
>> WAT = TP3
>> loadAmberParams frcmod.tip3p
Loading parameters: /Applications/amber16/amber16/dat/leap/parm/frcmod.tip3p
Reading force field modification type file (frcmod)
Reading title:
This is the additional/replacement parameter set for SPC/E water
>> loadAmberParams frcmod.ionsjc_tip3p
Loading parameters: /Applications/amber16/amber16/dat/leap/parm/frcmod.ionsjc_tip3p
Reading force field modification type file (frcmod)
Reading title:
Monovalent ion parameters for Ewald and TIP3P water from Joung & Cheatham JPCB (2008)
>> loadAmberParams frcmod.ions234lm_126_tip3p
Loading parameters: /Applications/amber16/amber16/dat/leap/parm/frcmod.ions234lm_126_tip3p
Reading force field modification type file (frcmod)
Reading title:
Li/Merz ion parameters of divalent to tetravalent ions for TIP3P water model (12-6 normal usage set)
>> 
> 
> loadoff PDI_iter0.lib
Loading library: ./PDI_iter0.lib
Loading: PDI
> loadamberparams ../../PDI.frcmod 
Could not open file ../../PDI.frcmod: No such file or directory
> x = loadPdb PDI3.pdb
Loading PDB file: ./PDI3.pdb
Enter zPdbReadScan from call depth  0.
Exit  zPdbReadScan from call depth  0.
Matching PDB residue names to LEaP variables.
(Residue 0: PDI, Terminal/last, was not found in name map.)
  total atoms in file: 40
> solvatebox x TIP3PBOX 12.0
  Solute vdw bounding box:              12.590 14.420 9.664
  Total bounding box for atom centers:  36.590 38.420 33.664
  Solvent unit box:                     18.774 18.774 18.774
The number of boxes:  x= 2  y= 3  z= 2
Adding box at: x=0  y=0  z=0
Center of solvent box is: 9.387175, 18.774349, 9.387175
Adding box at: x=0  y=0  z=1
Center of solvent box is: 9.387175, 18.774349, -9.387175
Adding box at: x=0  y=1  z=0
Center of solvent box is: 9.387175, 0.000000, 9.387175
Adding box at: x=0  y=1  z=1
Center of solvent box is: 9.387175, 0.000000, -9.387175
Adding box at: x=0  y=2  z=0
Center of solvent box is: 9.387175, -18.774349, 9.387175
Adding box at: x=0  y=2  z=1
Center of solvent box is: 9.387175, -18.774349, -9.387175
Adding box at: x=1  y=0  z=0
Center of solvent box is: -9.387175, 18.774349, 9.387175
Adding box at: x=1  y=0  z=1
Center of solvent box is: -9.387175, 18.774349, -9.387175
Adding box at: x=1  y=1  z=0
Center of solvent box is: -9.387175, 0.000000, 9.387175
Adding box at: x=1  y=1  z=1
Center of solvent box is: -9.387175, 0.000000, -9.387175
Adding box at: x=1  y=2  z=0
Center of solvent box is: -9.387175, -18.774349, 9.387175
Adding box at: x=1  y=2  z=1
Center of solvent box is: -9.387175, -18.774349, -9.387175
  Total vdw box size:                   39.546 41.628 36.697 angstroms.
  Volume: 60411.802 A^3 
  Total mass 25594.724 amu,  Density 0.704 g/cc
  Added 1399 residues.
> savepdb x PDI3.pdb
Writing pdb file: PDI3.pdb
   printing CRYST1 record to PDB file with box info
> saveAmberParm x PDI3.prmtop PDI3.rst7
Checking Unit.
Building topology.
Building atom parameters.
Building bond parameters.
Building angle parameters.
Building proper torsion parameters.
Building improper torsion parameters.
 ** Warning: No sp2 improper torsion term for  ca-ca-ca-c
        atoms are: C9 C7 C8 C1
 ** Warning: No sp2 improper torsion term for  ca-ca-ca-ca
        atoms are: C3 C6 C7 C8
 ** Warning: No sp2 improper torsion term for  ca-ca-ca-c
        atoms are: C24 C7 C3 C2
 ** Warning: No sp2 improper torsion term for  ca-ca-ca-ca
        atoms are: C6 C16 C5 C4
 ** Warning: No sp2 improper torsion term for  ca-ca-ca-ca
        atoms are: C11 C5 C6 C7
 ** Warning: No sp2 improper torsion term for  ca-ca-ca-ca
        atoms are: C12 C6 C11 C10
 ** Warning: No sp2 improper torsion term for  ca-ca-ca-ca
        atoms are: C13 C15 C12 C11
 ** Warning: No sp2 improper torsion term for  ca-c-ca-ca
        atoms are: C21 C23 C22 C14
 ** Warning: No sp2 improper torsion term for  ca-ca-ca-ca
        atoms are: C15 C19 C21 C22
 ** Warning: No sp2 improper torsion term for  ca-ca-ca-ca
        atoms are: C16 C21 C15 C12
 ** Warning: No sp2 improper torsion term for  ca-ca-ca-ca
        atoms are: C17 C15 C16 C5
 ** Warning: No sp2 improper torsion term for  c-ca-ca-ca
        atoms are: C20 C18 C19 C21
 total 14 improper torsions applied
Building H-Bond parameters.
Incorporating Non-Bonded adjustments.
Not Marking per-residue atom chain types.
Marking per-residue atom chain types.
  (Residues lacking connect0/connect1 - 
   these don't have chain types marked:

	res	total affected

	WAT	1399
  )
 (no restraints)
> quit
	Quit
